# JRE version: OpenJDK Runtime Environment (8.0_171-b11) (build 1.8.0_171-8u171-b11-0ubuntu0.17.10.1-b11)
# Java VM: OpenJDK 64-Bit Server VM (25.171-b11 mixed mode linux-amd64 compressed oops)
Heap:
 PSYoungGen      total 181760K, used 110808K [0x00000000ec100000, 0x00000000f8100000, 0x0000000100000000)
  eden space 175616K, 59% used [0x00000000ec100000,0x00000000f2739b20,0x00000000f6c80000)
  from space 6144K, 99% used [0x00000000f7b00000,0x00000000f80fc5a8,0x00000000f8100000)
  to   space 10240K, 0% used [0x00000000f6d00000,0x00000000f6d00000,0x00000000f7700000)
 ParOldGen       total 35840K, used 16972K [0x00000000c4200000, 0x00000000c6500000, 0x00000000ec100000)
  object space 35840K, 47% used [0x00000000c4200000,0x00000000c5293228,0x00000000c6500000)
 Metaspace       used 24661K, capacity 29776K, committed 30080K, reserved 1073152K
  class space    used 4975K, capacity 7006K, committed 7040K, reserved 1048576K
GC Heap History (10 events):
Event: 5.619 GC heap before
{Heap before GC invocations=5 (full 0):
 PSYoungGen      total 64000K, used 63988K [0x00000000ec100000, 0x00000000f0200000, 0x0000000100000000)
  eden space 61440K, 100% used [0x00000000ec100000,0x00000000efd00000,0x00000000efd00000)
  from space 2560K, 99% used [0x00000000eff80000,0x00000000f01fd0d0,0x00000000f0200000)
  to   space 2560K, 0% used [0x00000000efd00000,0x00000000efd00000,0x00000000eff80000)
 ParOldGen       total 40960K, used 7342K [0x00000000c4200000, 0x00000000c6a00000, 0x00000000ec100000)
  object space 40960K, 17% used [0x00000000c4200000,0x00000000c492ba38,0x00000000c6a00000)
 Metaspace       used 15509K, capacity 17573K, committed 17792K, reserved 1062912K
  class space    used 3244K, capacity 4138K, committed 4224K, reserved 1048576K
Event: 5.649 GC heap after
Heap after GC invocations=5 (full 0):
 PSYoungGen      total 64000K, used 2532K [0x00000000ec100000, 0x00000000f4500000, 0x0000000100000000)
  eden space 61440K, 0% used [0x00000000ec100000,0x00000000ec100000,0x00000000efd00000)
  from space 2560K, 98% used [0x00000000efd00000,0x00000000eff790a0,0x00000000eff80000)
  to   space 6144K, 0% used [0x00000000f3f00000,0x00000000f3f00000,0x00000000f4500000)
 ParOldGen       total 40960K, used 8142K [0x00000000c4200000, 0x00000000c6a00000, 0x00000000ec100000)
  object space 40960K, 19% used [0x00000000c4200000,0x00000000c49f39d8,0x00000000c6a00000)
 Metaspace       used 15509K, capacity 17573K, committed 17792K, reserved 1062912K
  class space    used 3244K, capacity 4138K, committed 4224K, reserved 1048576K
}
Event: 6.802 GC heap before
{Heap before GC invocations=6 (full 0):
 PSYoungGen      total 64000K, used 44128K [0x00000000ec100000, 0x00000000f4500000, 0x0000000100000000)
  eden space 61440K, 67% used [0x00000000ec100000,0x00000000ee99f2f0,0x00000000efd00000)
  from space 2560K, 98% used [0x00000000efd00000,0x00000000eff790a0,0x00000000eff80000)
  to   space 6144K, 0% used [0x00000000f3f00000,0x00000000f3f00000,0x00000000f4500000)
 ParOldGen       total 40960K, used 8142K [0x00000000c4200000, 0x00000000c6a00000, 0x00000000ec100000)
  object space 40960K, 19% used [0x00000000c4200000,0x00000000c49f39d8,0x00000000c6a00000)
 Metaspace       used 18039K, capacity 21213K, committed 21296K, reserved 1064960K
  class space    used 3729K, capacity 5084K, committed 5120K, reserved 1048576K
Event: 6.838 GC heap after
Heap after GC invocations=6 (full 0):
 PSYoungGen      total 129024K, used 3720K [0x00000000ec100000, 0x00000000f4500000, 0x0000000100000000)
  eden space 122880K, 0% used [0x00000000ec100000,0x00000000ec100000,0x00000000f3900000)
  from space 6144K, 60% used [0x00000000f3f00000,0x00000000f42a2208,0x00000000f4500000)
  to   space 6144K, 0% used [0x00000000f3900000,0x00000000f3900000,0x00000000f3f00000)
 ParOldGen       total 40960K, used 8150K [0x00000000c4200000, 0x00000000c6a00000, 0x00000000ec100000)
  object space 40960K, 19% used [0x00000000c4200000,0x00000000c49f59d8,0x00000000c6a00000)
 Metaspace       used 18039K, capacity 21213K, committed 21296K, reserved 1064960K
  class space    used 3729K, capacity 5084K, committed 5120K, reserved 1048576K
}
Event: 6.838 GC heap before
{Heap before GC invocations=7 (full 1):
 PSYoungGen      total 129024K, used 3720K [0x00000000ec100000, 0x00000000f4500000, 0x0000000100000000)
  eden space 122880K, 0% used [0x00000000ec100000,0x00000000ec100000,0x00000000f3900000)
  from space 6144K, 60% used [0x00000000f3f00000,0x00000000f42a2208,0x00000000f4500000)
  to   space 6144K, 0% used [0x00000000f3900000,0x00000000f3900000,0x00000000f3f00000)
 ParOldGen       total 40960K, used 8150K [0x00000000c4200000, 0x00000000c6a00000, 0x00000000ec100000)
  object space 40960K, 19% used [0x00000000c4200000,0x00000000c49f59d8,0x00000000c6a00000)
 Metaspace       used 18039K, capacity 21213K, committed 21296K, reserved 1064960K
  class space    used 3729K, capacity 5084K, committed 5120K, reserved 1048576K
Event: 6.994 GC heap after
Heap after GC invocations=7 (full 1):
 PSYoungGen      total 129024K, used 0K [0x00000000ec100000, 0x00000000f4500000, 0x0000000100000000)
  eden space 122880K, 0% used [0x00000000ec100000,0x00000000ec100000,0x00000000f3900000)
  from space 6144K, 0% used [0x00000000f3f00000,0x00000000f3f00000,0x00000000f4500000)
  to   space 6144K, 0% used [0x00000000f3900000,0x00000000f3900000,0x00000000f3f00000)
 ParOldGen       total 35840K, used 9232K [0x00000000c4200000, 0x00000000c6500000, 0x00000000ec100000)
  object space 35840K, 25% used [0x00000000c4200000,0x00000000c4b04330,0x00000000c6500000)
 Metaspace       used 18039K, capacity 21213K, committed 21296K, reserved 1064960K
  class space    used 3729K, capacity 5084K, committed 5120K, reserved 1048576K
}
Event: 8.866 GC heap before
{Heap before GC invocations=8 (full 1):
 PSYoungGen      total 129024K, used 122880K [0x00000000ec100000, 0x00000000f4500000, 0x0000000100000000)
  eden space 122880K, 100% used [0x00000000ec100000,0x00000000f3900000,0x00000000f3900000)
  from space 6144K, 0% used [0x00000000f3f00000,0x00000000f3f00000,0x00000000f4500000)
  to   space 6144K, 0% used [0x00000000f3900000,0x00000000f3900000,0x00000000f3f00000)
 ParOldGen       total 35840K, used 9232K [0x00000000c4200000, 0x00000000c6500000, 0x00000000ec100000)
  object space 35840K, 25% used [0x00000000c4200000,0x00000000c4b04330,0x00000000c6500000)
 Metaspace       used 22224K, capacity 27014K, committed 27136K, reserved 1069056K
  class space    used 4716K, capacity 6638K, committed 6656K, reserved 1048576K
Event: 8.898 GC heap after
Heap after GC invocations=8 (full 1):
 PSYoungGen      total 129024K, used 4825K [0x00000000ec100000, 0x00000000f8100000, 0x0000000100000000)
  eden space 122880K, 0% used [0x00000000ec100000,0x00000000ec100000,0x00000000f3900000)
  from space 6144K, 78% used [0x00000000f3900000,0x00000000f3db66e8,0x00000000f3f00000)
  to   space 6144K, 0% used [0x00000000f7b00000,0x00000000f7b00000,0x00000000f8100000)
 ParOldGen       total 35840K, used 9240K [0x00000000c4200000, 0x00000000c6500000, 0x00000000ec100000)
  object space 35840K, 25% used [0x00000000c4200000,0x00000000c4b06330,0x00000000c6500000)
 Metaspace       used 22224K, capacity 27014K, committed 27136K, reserved 1069056K
  class space    used 4716K, capacity 6638K, committed 6656K, reserved 1048576K
}
Event: 99.710 GC heap before
{Heap before GC invocations=9 (full 1):
 PSYoungGen      total 129024K, used 127705K [0x00000000ec100000, 0x00000000f8100000, 0x0000000100000000)
  eden space 122880K, 100% used [0x00000000ec100000,0x00000000f3900000,0x00000000f3900000)
  from space 6144K, 78% used [0x00000000f3900000,0x00000000f3db66e8,0x00000000f3f00000)
  to   space 6144K, 0% used [0x00000000f7b00000,0x00000000f7b00000,0x00000000f8100000)
 ParOldGen       total 35840K, used 9240K [0x00000000c4200000, 0x00000000c6500000, 0x00000000ec100000)
  object space 35840K, 25% used [0x00000000c4200000,0x00000000c4b06330,0x00000000c6500000)
 Metaspace       used 24631K, capacity 29762K, committed 30080K, reserved 1073152K
  class space    used 4974K, capacity 7004K, committed 7040K, reserved 1048576K
Event: 99.781 GC heap after
Heap after GC invocations=9 (full 1):
 PSYoungGen      total 181760K, used 6129K [0x00000000ec100000, 0x00000000f8100000, 0x0000000100000000)
  eden space 175616K, 0% used [0x00000000ec100000,0x00000000ec100000,0x00000000f6c80000)
  from space 6144K, 99% used [0x00000000f7b00000,0x00000000f80fc5a8,0x00000000f8100000)
  to   space 10240K, 0% used [0x00000000f6d00000,0x00000000f6d00000,0x00000000f7700000)
 ParOldGen       total 35840K, used 16972K [0x00000000c4200000, 0x00000000c6500000, 0x00000000ec100000)
  object space 35840K, 47% used [0x00000000c4200000,0x00000000c5293228,0x00000000c6500000)
 Metaspace       used 24631K, capacity 29762K, committed 30080K, reserved 1073152K
  class space    used 4974K, capacity 7004K, committed 7040K, reserved 1048576K
}

