# JRE version: OpenJDK Runtime Environment (8.0_171-b11) (build 1.8.0_171-8u171-b11-0ubuntu0.17.10.1-b11)
# Java VM: OpenJDK 64-Bit Server VM (25.171-b11 mixed mode linux-amd64 compressed oops)
Heap:
 PSYoungGen      total 181248K, used 83362K [0x00000000ec100000, 0x00000000f8000000, 0x0000000100000000)
  eden space 175104K, 44% used [0x00000000ec100000,0x00000000f0c708c8,0x00000000f6c00000)
  from space 6144K, 99% used [0x00000000f7a00000,0x00000000f7ff8020,0x00000000f8000000)
  to   space 10240K, 0% used [0x00000000f6c00000,0x00000000f6c00000,0x00000000f7600000)
 ParOldGen       total 33280K, used 15011K [0x00000000c4200000, 0x00000000c6280000, 0x00000000ec100000)
  object space 33280K, 45% used [0x00000000c4200000,0x00000000c50a8cc8,0x00000000c6280000)
 Metaspace       used 25115K, capacity 30502K, committed 30592K, reserved 1073152K
  class space    used 5131K, capacity 7232K, committed 7296K, reserved 1048576K
GC Heap History (10 events):
Event: 5.611 GC heap before
{Heap before GC invocations=5 (full 0):
 PSYoungGen      total 64000K, used 63984K [0x00000000ec100000, 0x00000000f0200000, 0x0000000100000000)
  eden space 61440K, 100% used [0x00000000ec100000,0x00000000efd00000,0x00000000efd00000)
  from space 2560K, 99% used [0x00000000eff80000,0x00000000f01fc010,0x00000000f0200000)
  to   space 2560K, 0% used [0x00000000efd00000,0x00000000efd00000,0x00000000eff80000)
 ParOldGen       total 40960K, used 7137K [0x00000000c4200000, 0x00000000c6a00000, 0x00000000ec100000)
  object space 40960K, 17% used [0x00000000c4200000,0x00000000c48f8678,0x00000000c6a00000)
 Metaspace       used 15453K, capacity 17453K, committed 17792K, reserved 1062912K
  class space    used 3236K, capacity 4098K, committed 4224K, reserved 1048576K
Event: 5.654 GC heap after
Heap after GC invocations=5 (full 0):
 PSYoungGen      total 64000K, used 2544K [0x00000000ec100000, 0x00000000f4500000, 0x0000000100000000)
  eden space 61440K, 0% used [0x00000000ec100000,0x00000000ec100000,0x00000000efd00000)
  from space 2560K, 99% used [0x00000000efd00000,0x00000000eff7c030,0x00000000eff80000)
  to   space 6144K, 0% used [0x00000000f3f00000,0x00000000f3f00000,0x00000000f4500000)
 ParOldGen       total 40960K, used 8145K [0x00000000c4200000, 0x00000000c6a00000, 0x00000000ec100000)
  object space 40960K, 19% used [0x00000000c4200000,0x00000000c49f4618,0x00000000c6a00000)
 Metaspace       used 15453K, capacity 17453K, committed 17792K, reserved 1062912K
  class space    used 3236K, capacity 4098K, committed 4224K, reserved 1048576K
}
Event: 6.733 GC heap before
{Heap before GC invocations=6 (full 0):
 PSYoungGen      total 64000K, used 44049K [0x00000000ec100000, 0x00000000f4500000, 0x0000000100000000)
  eden space 61440K, 67% used [0x00000000ec100000,0x00000000ee9884b8,0x00000000efd00000)
  from space 2560K, 99% used [0x00000000efd00000,0x00000000eff7c030,0x00000000eff80000)
  to   space 6144K, 0% used [0x00000000f3f00000,0x00000000f3f00000,0x00000000f4500000)
 ParOldGen       total 40960K, used 8145K [0x00000000c4200000, 0x00000000c6a00000, 0x00000000ec100000)
  object space 40960K, 19% used [0x00000000c4200000,0x00000000c49f4618,0x00000000c6a00000)
 Metaspace       used 18046K, capacity 21213K, committed 21296K, reserved 1064960K
  class space    used 3729K, capacity 5084K, committed 5120K, reserved 1048576K
Event: 6.782 GC heap after
Heap after GC invocations=6 (full 0):
 PSYoungGen      total 128000K, used 3832K [0x00000000ec100000, 0x00000000f4400000, 0x0000000100000000)
  eden space 122880K, 0% used [0x00000000ec100000,0x00000000ec100000,0x00000000f3900000)
  from space 5120K, 74% used [0x00000000f3f00000,0x00000000f42be218,0x00000000f4400000)
  to   space 5632K, 0% used [0x00000000f3900000,0x00000000f3900000,0x00000000f3e80000)
 ParOldGen       total 40960K, used 8153K [0x00000000c4200000, 0x00000000c6a00000, 0x00000000ec100000)
  object space 40960K, 19% used [0x00000000c4200000,0x00000000c49f6618,0x00000000c6a00000)
 Metaspace       used 18046K, capacity 21213K, committed 21296K, reserved 1064960K
  class space    used 3729K, capacity 5084K, committed 5120K, reserved 1048576K
}
Event: 6.782 GC heap before
{Heap before GC invocations=7 (full 1):
 PSYoungGen      total 128000K, used 3832K [0x00000000ec100000, 0x00000000f4400000, 0x0000000100000000)
  eden space 122880K, 0% used [0x00000000ec100000,0x00000000ec100000,0x00000000f3900000)
  from space 5120K, 74% used [0x00000000f3f00000,0x00000000f42be218,0x00000000f4400000)
  to   space 5632K, 0% used [0x00000000f3900000,0x00000000f3900000,0x00000000f3e80000)
 ParOldGen       total 40960K, used 8153K [0x00000000c4200000, 0x00000000c6a00000, 0x00000000ec100000)
  object space 40960K, 19% used [0x00000000c4200000,0x00000000c49f6618,0x00000000c6a00000)
 Metaspace       used 18046K, capacity 21213K, committed 21296K, reserved 1064960K
  class space    used 3729K, capacity 5084K, committed 5120K, reserved 1048576K
Event: 6.938 GC heap after
Heap after GC invocations=7 (full 1):
 PSYoungGen      total 128000K, used 0K [0x00000000ec100000, 0x00000000f4400000, 0x0000000100000000)
  eden space 122880K, 0% used [0x00000000ec100000,0x00000000ec100000,0x00000000f3900000)
  from space 5120K, 0% used [0x00000000f3f00000,0x00000000f3f00000,0x00000000f4400000)
  to   space 5632K, 0% used [0x00000000f3900000,0x00000000f3900000,0x00000000f3e80000)
 ParOldGen       total 33280K, used 7363K [0x00000000c4200000, 0x00000000c6280000, 0x00000000ec100000)
  object space 33280K, 22% used [0x00000000c4200000,0x00000000c4930c20,0x00000000c6280000)
 Metaspace       used 18046K, capacity 21213K, committed 21296K, reserved 1064960K
  class space    used 3729K, capacity 5084K, committed 5120K, reserved 1048576K
}
Event: 8.944 GC heap before
{Heap before GC invocations=8 (full 1):
 PSYoungGen      total 128000K, used 122880K [0x00000000ec100000, 0x00000000f4400000, 0x0000000100000000)
  eden space 122880K, 100% used [0x00000000ec100000,0x00000000f3900000,0x00000000f3900000)
  from space 5120K, 0% used [0x00000000f3f00000,0x00000000f3f00000,0x00000000f4400000)
  to   space 5632K, 0% used [0x00000000f3900000,0x00000000f3900000,0x00000000f3e80000)
 ParOldGen       total 33280K, used 7363K [0x00000000c4200000, 0x00000000c6280000, 0x00000000ec100000)
  object space 33280K, 22% used [0x00000000c4200000,0x00000000c4930c20,0x00000000c6280000)
 Metaspace       used 22154K, capacity 26914K, committed 27136K, reserved 1069056K
  class space    used 4708K, capacity 6610K, committed 6656K, reserved 1048576K
Event: 8.958 GC heap after
Heap after GC invocations=8 (full 1):
 PSYoungGen      total 128512K, used 5124K [0x00000000ec100000, 0x00000000f8000000, 0x0000000100000000)
  eden space 122880K, 0% used [0x00000000ec100000,0x00000000ec100000,0x00000000f3900000)
  from space 5632K, 90% used [0x00000000f3900000,0x00000000f3e012d8,0x00000000f3e80000)
  to   space 6144K, 0% used [0x00000000f7a00000,0x00000000f7a00000,0x00000000f8000000)
 ParOldGen       total 33280K, used 7371K [0x00000000c4200000, 0x00000000c6280000, 0x00000000ec100000)
  object space 33280K, 22% used [0x00000000c4200000,0x00000000c4932c20,0x00000000c6280000)
 Metaspace       used 22154K, capacity 26914K, committed 27136K, reserved 1069056K
  class space    used 4708K, capacity 6610K, committed 6656K, reserved 1048576K
}
Event: 132.582 GC heap before
{Heap before GC invocations=9 (full 1):
 PSYoungGen      total 128512K, used 128004K [0x00000000ec100000, 0x00000000f8000000, 0x0000000100000000)
  eden space 122880K, 100% used [0x00000000ec100000,0x00000000f3900000,0x00000000f3900000)
  from space 5632K, 90% used [0x00000000f3900000,0x00000000f3e012d8,0x00000000f3e80000)
  to   space 6144K, 0% used [0x00000000f7a00000,0x00000000f7a00000,0x00000000f8000000)
 ParOldGen       total 33280K, used 7371K [0x00000000c4200000, 0x00000000c6280000, 0x00000000ec100000)
  object space 33280K, 22% used [0x00000000c4200000,0x00000000c4932c20,0x00000000c6280000)
 Metaspace       used 24364K, capacity 29452K, committed 29568K, reserved 1071104K
  class space    used 4952K, capacity 6971K, committed 7040K, reserved 1048576K
Event: 132.631 GC heap after
Heap after GC invocations=9 (full 1):
 PSYoungGen      total 181248K, used 6112K [0x00000000ec100000, 0x00000000f8000000, 0x0000000100000000)
  eden space 175104K, 0% used [0x00000000ec100000,0x00000000ec100000,0x00000000f6c00000)
  from space 6144K, 99% used [0x00000000f7a00000,0x00000000f7ff8020,0x00000000f8000000)
  to   space 10240K, 0% used [0x00000000f6c00000,0x00000000f6c00000,0x00000000f7600000)
 ParOldGen       total 33280K, used 15011K [0x00000000c4200000, 0x00000000c6280000, 0x00000000ec100000)
  object space 33280K, 45% used [0x00000000c4200000,0x00000000c50a8cc8,0x00000000c6280000)
 Metaspace       used 24364K, capacity 29452K, committed 29568K, reserved 1071104K
  class space    used 4952K, capacity 6971K, committed 7040K, reserved 1048576K
}

