# JRE version: OpenJDK Runtime Environment (8.0_171-b11) (build 1.8.0_171-8u171-b11-0ubuntu0.17.10.1-b11)
# Java VM: OpenJDK 64-Bit Server VM (25.171-b11 mixed mode linux-amd64 compressed oops)
Heap:
 PSYoungGen      total 180736K, used 26852K [0x00000000ec100000, 0x00000000f7e80000, 0x0000000100000000)
  eden space 174592K, 11% used [0x00000000ec100000,0x00000000ed540828,0x00000000f6b80000)
  from space 6144K, 99% used [0x00000000f7880000,0x00000000f7e78b70,0x00000000f7e80000)
  to   space 9728K, 0% used [0x00000000f6b80000,0x00000000f6b80000,0x00000000f7500000)
 ParOldGen       total 34816K, used 16008K [0x00000000c4200000, 0x00000000c6400000, 0x00000000ec100000)
  object space 34816K, 45% used [0x00000000c4200000,0x00000000c51a2310,0x00000000c6400000)
 Metaspace       used 24786K, capacity 30020K, committed 30208K, reserved 1073152K
  class space    used 5017K, capacity 7066K, committed 7168K, reserved 1048576K
GC Heap History (10 events):
Event: 5.566 GC heap before
{Heap before GC invocations=5 (full 0):
 PSYoungGen      total 64000K, used 63991K [0x00000000ec100000, 0x00000000f0200000, 0x0000000100000000)
  eden space 61440K, 100% used [0x00000000ec100000,0x00000000efd00000,0x00000000efd00000)
  from space 2560K, 99% used [0x00000000eff80000,0x00000000f01fdc40,0x00000000f0200000)
  to   space 2560K, 0% used [0x00000000efd00000,0x00000000efd00000,0x00000000eff80000)
 ParOldGen       total 40960K, used 7268K [0x00000000c4200000, 0x00000000c6a00000, 0x00000000ec100000)
  object space 40960K, 17% used [0x00000000c4200000,0x00000000c4919118,0x00000000c6a00000)
 Metaspace       used 15491K, capacity 17533K, committed 17792K, reserved 1062912K
  class space    used 3239K, capacity 4102K, committed 4224K, reserved 1048576K
Event: 5.581 GC heap after
Heap after GC invocations=5 (full 0):
 PSYoungGen      total 64000K, used 2535K [0x00000000ec100000, 0x00000000f4500000, 0x0000000100000000)
  eden space 61440K, 0% used [0x00000000ec100000,0x00000000ec100000,0x00000000efd00000)
  from space 2560K, 99% used [0x00000000efd00000,0x00000000eff79c50,0x00000000eff80000)
  to   space 6144K, 0% used [0x00000000f3f00000,0x00000000f3f00000,0x00000000f4500000)
 ParOldGen       total 40960K, used 8168K [0x00000000c4200000, 0x00000000c6a00000, 0x00000000ec100000)
  object space 40960K, 19% used [0x00000000c4200000,0x00000000c49fa270,0x00000000c6a00000)
 Metaspace       used 15491K, capacity 17533K, committed 17792K, reserved 1062912K
  class space    used 3239K, capacity 4102K, committed 4224K, reserved 1048576K
}
Event: 6.454 GC heap before
{Heap before GC invocations=6 (full 0):
 PSYoungGen      total 64000K, used 44233K [0x00000000ec100000, 0x00000000f4500000, 0x0000000100000000)
  eden space 61440K, 67% used [0x00000000ec100000,0x00000000ee9b8b58,0x00000000efd00000)
  from space 2560K, 99% used [0x00000000efd00000,0x00000000eff79c50,0x00000000eff80000)
  to   space 6144K, 0% used [0x00000000f3f00000,0x00000000f3f00000,0x00000000f4500000)
 ParOldGen       total 40960K, used 8168K [0x00000000c4200000, 0x00000000c6a00000, 0x00000000ec100000)
  object space 40960K, 19% used [0x00000000c4200000,0x00000000c49fa270,0x00000000c6a00000)
 Metaspace       used 18043K, capacity 21213K, committed 21296K, reserved 1064960K
  class space    used 3731K, capacity 5084K, committed 5120K, reserved 1048576K
Event: 6.492 GC heap after
Heap after GC invocations=6 (full 0):
 PSYoungGen      total 129024K, used 3776K [0x00000000ec100000, 0x00000000f4500000, 0x0000000100000000)
  eden space 122880K, 0% used [0x00000000ec100000,0x00000000ec100000,0x00000000f3900000)
  from space 6144K, 61% used [0x00000000f3f00000,0x00000000f42b03c0,0x00000000f4500000)
  to   space 6144K, 0% used [0x00000000f3900000,0x00000000f3900000,0x00000000f3f00000)
 ParOldGen       total 40960K, used 8176K [0x00000000c4200000, 0x00000000c6a00000, 0x00000000ec100000)
  object space 40960K, 19% used [0x00000000c4200000,0x00000000c49fc270,0x00000000c6a00000)
 Metaspace       used 18043K, capacity 21213K, committed 21296K, reserved 1064960K
  class space    used 3731K, capacity 5084K, committed 5120K, reserved 1048576K
}
Event: 6.492 GC heap before
{Heap before GC invocations=7 (full 1):
 PSYoungGen      total 129024K, used 3776K [0x00000000ec100000, 0x00000000f4500000, 0x0000000100000000)
  eden space 122880K, 0% used [0x00000000ec100000,0x00000000ec100000,0x00000000f3900000)
  from space 6144K, 61% used [0x00000000f3f00000,0x00000000f42b03c0,0x00000000f4500000)
  to   space 6144K, 0% used [0x00000000f3900000,0x00000000f3900000,0x00000000f3f00000)
 ParOldGen       total 40960K, used 8176K [0x00000000c4200000, 0x00000000c6a00000, 0x00000000ec100000)
  object space 40960K, 19% used [0x00000000c4200000,0x00000000c49fc270,0x00000000c6a00000)
 Metaspace       used 18043K, capacity 21213K, committed 21296K, reserved 1064960K
  class space    used 3731K, capacity 5084K, committed 5120K, reserved 1048576K
Event: 6.642 GC heap after
Heap after GC invocations=7 (full 1):
 PSYoungGen      total 129024K, used 0K [0x00000000ec100000, 0x00000000f4500000, 0x0000000100000000)
  eden space 122880K, 0% used [0x00000000ec100000,0x00000000ec100000,0x00000000f3900000)
  from space 6144K, 0% used [0x00000000f3f00000,0x00000000f3f00000,0x00000000f4500000)
  to   space 6144K, 0% used [0x00000000f3900000,0x00000000f3900000,0x00000000f3f00000)
 ParOldGen       total 34816K, used 8336K [0x00000000c4200000, 0x00000000c6400000, 0x00000000ec100000)
  object space 34816K, 23% used [0x00000000c4200000,0x00000000c4a240e8,0x00000000c6400000)
 Metaspace       used 18043K, capacity 21213K, committed 21296K, reserved 1064960K
  class space    used 3731K, capacity 5084K, committed 5120K, reserved 1048576K
}
Event: 9.012 GC heap before
{Heap before GC invocations=8 (full 1):
 PSYoungGen      total 129024K, used 122880K [0x00000000ec100000, 0x00000000f4500000, 0x0000000100000000)
  eden space 122880K, 100% used [0x00000000ec100000,0x00000000f3900000,0x00000000f3900000)
  from space 6144K, 0% used [0x00000000f3f00000,0x00000000f3f00000,0x00000000f4500000)
  to   space 6144K, 0% used [0x00000000f3900000,0x00000000f3900000,0x00000000f3f00000)
 ParOldGen       total 34816K, used 8336K [0x00000000c4200000, 0x00000000c6400000, 0x00000000ec100000)
  object space 34816K, 23% used [0x00000000c4200000,0x00000000c4a240e8,0x00000000c6400000)
 Metaspace       used 22184K, capacity 26950K, committed 27136K, reserved 1069056K
  class space    used 4711K, capacity 6638K, committed 6656K, reserved 1048576K
Event: 9.029 GC heap after
Heap after GC invocations=8 (full 1):
 PSYoungGen      total 129024K, used 4612K [0x00000000ec100000, 0x00000000f7e80000, 0x0000000100000000)
  eden space 122880K, 0% used [0x00000000ec100000,0x00000000ec100000,0x00000000f3900000)
  from space 6144K, 75% used [0x00000000f3900000,0x00000000f3d812d8,0x00000000f3f00000)
  to   space 6144K, 0% used [0x00000000f7880000,0x00000000f7880000,0x00000000f7e80000)
 ParOldGen       total 34816K, used 8344K [0x00000000c4200000, 0x00000000c6400000, 0x00000000ec100000)
  object space 34816K, 23% used [0x00000000c4200000,0x00000000c4a260e8,0x00000000c6400000)
 Metaspace       used 22184K, capacity 26950K, committed 27136K, reserved 1069056K
  class space    used 4711K, capacity 6638K, committed 6656K, reserved 1048576K
}
Event: 31.073 GC heap before
{Heap before GC invocations=9 (full 1):
 PSYoungGen      total 129024K, used 127492K [0x00000000ec100000, 0x00000000f7e80000, 0x0000000100000000)
  eden space 122880K, 100% used [0x00000000ec100000,0x00000000f3900000,0x00000000f3900000)
  from space 6144K, 75% used [0x00000000f3900000,0x00000000f3d812d8,0x00000000f3f00000)
  to   space 6144K, 0% used [0x00000000f7880000,0x00000000f7880000,0x00000000f7e80000)
 ParOldGen       total 34816K, used 8344K [0x00000000c4200000, 0x00000000c6400000, 0x00000000ec100000)
  object space 34816K, 23% used [0x00000000c4200000,0x00000000c4a260e8,0x00000000c6400000)
 Metaspace       used 24437K, capacity 29576K, committed 29824K, reserved 1073152K
  class space    used 4951K, capacity 6967K, committed 7040K, reserved 1048576K
Event: 31.134 GC heap after
Heap after GC invocations=9 (full 1):
 PSYoungGen      total 180736K, used 6114K [0x00000000ec100000, 0x00000000f7e80000, 0x0000000100000000)
  eden space 174592K, 0% used [0x00000000ec100000,0x00000000ec100000,0x00000000f6b80000)
  from space 6144K, 99% used [0x00000000f7880000,0x00000000f7e78b70,0x00000000f7e80000)
  to   space 9728K, 0% used [0x00000000f6b80000,0x00000000f6b80000,0x00000000f7500000)
 ParOldGen       total 34816K, used 16008K [0x00000000c4200000, 0x00000000c6400000, 0x00000000ec100000)
  object space 34816K, 45% used [0x00000000c4200000,0x00000000c51a2310,0x00000000c6400000)
 Metaspace       used 24437K, capacity 29576K, committed 29824K, reserved 1073152K
  class space    used 4951K, capacity 6967K, committed 7040K, reserved 1048576K
}

